[tweetermusk.ug/index.html]
[backblue.gif]
[fade.gif]
[index.html]
[tweetermusk.ug/index_lg.css]
[abs.twimg.com/errors/logo46x38.png]
[pbs.twimg.com/profile_images/1364491704817098753/V22-Luf7_400x400.jpg]
[pbs.twimg.com/profile_images/1363314604630175747/NgYBr11A_400x400.jpg]
[pbs.twimg.com/profile_images/1118125327870570496/nZvNwAvv_400x400.jpg]
[pbs.twimg.com/profile_images/1284191648482684928/QFmWdjVA_400x400.jpg]
[pbs.twimg.com/profile_images/1102194515274657792/FBhSVHxu_400x400.jpg]
[pbs.twimg.com/profile_images/698729782184431616/xsOQSAbZ_400x400.jpg]
[pbs.twimg.com/profile_images/1195313779606773760/_D0U_BQh_400x400.jpg]
[pbs.twimg.com/profile_images/1365579038782226436/euCmiWrv_400x400.jpg]
[pbs.twimg.com/profile_images/1256952513317736452/w0kigzlU_400x400.jpg]
[pbs.twimg.com/profile_images/1324856165197438976/FnBSLcqR_400x400.jpg]
[pbs.twimg.com/profile_images/1056697593915494400/MUBeUYt-_400x400.jpg]
[pbs.twimg.com/profile_images/1147032842200895493/tJN3wOoO_400x400.png]
[pbs.twimg.com/profile_images/1188911868863221772/fpcyKuIW_400x400.jpg]
[pbs.twimg.com/profile_images/711462874330353664/GLWEK_FQ_400x400.jpg]
[pbs.twimg.com/profile_images/1207550729654812672/i5LSExza_400x400.jpg]
[pbs.twimg.com/profile_images/1348199292868112384/f-yAGCLQ_400x400.jpg]
[pbs.twimg.com/profile_images/639495218019061760/pGFuWDk1_400x400.jpg]
[tweetermusk.ug/jquery-3.5.1.min.js]
[tweetermusk.ug/scripts.js]
[tweetermusk.ug/index.html]
[tweetermusk.ug/index_lg.css]
[pbs.twimg.com/profile_images/1345357051711537152/PTvjLRYo_400x400.jpg]
